TN:
SF:src/controllers/auth.controller.ts
FN:13,(anonymous_0)
FN:20,(anonymous_1)
FN:71,(anonymous_2)
FN:78,(anonymous_3)
FNF:4
FNH:4
FNDA:4,(anonymous_0)
FNDA:6,(anonymous_1)
FNDA:6,(anonymous_2)
FNDA:2,(anonymous_3)
DA:2,1
DA:3,1
DA:4,1
DA:13,1
DA:14,4
DA:16,4
DA:17,4
DA:19,3
DA:22,6
DA:23,6
DA:24,0
DA:26,6
DA:27,6
DA:32,3
DA:35,1
DA:38,1
DA:47,1
DA:55,1
DA:61,3
DA:71,1
DA:72,6
DA:74,6
DA:75,6
DA:77,2
DA:80,2
DA:81,2
DA:82,0
DA:84,2
DA:85,2
DA:90,2
DA:93,4
DA:96,4
DA:99,1
DA:106,1
DA:112,5
LF:35
LH:33
BRDA:17,0,0,3
BRDA:23,1,0,0
BRDA:23,2,0,6
BRDA:23,2,1,6
BRDA:23,2,2,6
BRDA:62,3,0,3
BRDA:62,3,1,0
BRDA:75,4,0,2
BRDA:81,5,0,0
BRDA:81,6,0,2
BRDA:81,6,1,2
BRDA:81,6,2,2
BRDA:112,7,0,5
BRDA:112,7,1,0
BRF:14
BRH:10
end_of_record
TN:
SF:src/controllers/group.controller.ts
FN:15,(anonymous_0)
FN:47,(anonymous_1)
FN:52,(anonymous_2)
FN:82,(anonymous_3)
FN:87,(anonymous_4)
FN:127,(anonymous_5)
FN:132,(anonymous_6)
FN:174,(anonymous_7)
FN:179,(anonymous_8)
FN:219,(anonymous_9)
FNF:10
FNH:0
FNDA:0,(anonymous_0)
FNDA:0,(anonymous_1)
FNDA:0,(anonymous_2)
FNDA:0,(anonymous_3)
FNDA:0,(anonymous_4)
FNDA:0,(anonymous_5)
FNDA:0,(anonymous_6)
FNDA:0,(anonymous_7)
FNDA:0,(anonymous_8)
FNDA:0,(anonymous_9)
DA:2,0
DA:3,0
DA:4,0
DA:9,0
DA:16,0
DA:17,0
DA:19,0
DA:30,0
DA:32,0
DA:38,0
DA:48,0
DA:49,0
DA:50,0
DA:52,0
DA:54,0
DA:55,0
DA:56,0
DA:58,0
DA:59,0
DA:62,0
DA:65,0
DA:66,0
DA:68,0
DA:73,0
DA:83,0
DA:84,0
DA:85,0
DA:87,0
DA:89,0
DA:90,0
DA:91,0
DA:93,0
DA:94,0
DA:97,0
DA:100,0
DA:101,0
DA:104,0
DA:112,0
DA:118,0
DA:128,0
DA:129,0
DA:130,0
DA:132,0
DA:134,0
DA:135,0
DA:136,0
DA:138,0
DA:139,0
DA:142,0
DA:145,0
DA:146,0
DA:148,0
DA:151,0
DA:159,0
DA:165,0
DA:175,0
DA:176,0
DA:177,0
DA:179,0
DA:181,0
DA:182,0
DA:183,0
DA:185,0
DA:186,0
DA:189,0
DA:192,0
DA:193,0
DA:195,0
DA:198,0
DA:205,0
DA:210,0
DA:220,0
DA:221,0
DA:223,0
DA:228,0
LF:75
LH:0
BRDA:17,0,0,0
BRDA:17,1,0,0
BRDA:17,2,0,0
BRDA:17,3,0,0
BRDA:23,4,0,0
BRDA:23,4,1,0
BRDA:24,5,0,0
BRDA:24,5,1,0
BRDA:25,6,0,0
BRDA:25,6,1,0
BRDA:38,7,0,0
BRDA:38,7,1,0
BRDA:50,8,0,0
BRDA:55,9,0,0
BRDA:55,10,0,0
BRDA:55,10,1,0
BRDA:55,10,2,0
BRDA:73,11,0,0
BRDA:73,11,1,0
BRDA:85,12,0,0
BRDA:90,13,0,0
BRDA:90,14,0,0
BRDA:90,14,1,0
BRDA:90,14,2,0
BRDA:118,15,0,0
BRDA:118,15,1,0
BRDA:130,16,0,0
BRDA:135,17,0,0
BRDA:135,18,0,0
BRDA:135,18,1,0
BRDA:135,18,2,0
BRDA:165,19,0,0
BRDA:165,19,1,0
BRDA:177,20,0,0
BRDA:182,21,0,0
BRDA:182,22,0,0
BRDA:182,22,1,0
BRDA:182,22,2,0
BRDA:210,23,0,0
BRDA:210,23,1,0
BRDA:228,24,0,0
BRDA:228,24,1,0
BRF:42
BRH:0
end_of_record
TN:
SF:src/controllers/groupRole.controller.ts
FN:18,(anonymous_0)
FN:48,(anonymous_1)
FN:73,(anonymous_2)
FN:110,(anonymous_3)
FN:155,(anonymous_4)
FNF:5
FNH:0
FNDA:0,(anonymous_0)
FNDA:0,(anonymous_1)
FNDA:0,(anonymous_2)
FNDA:0,(anonymous_3)
FNDA:0,(anonymous_4)
DA:2,0
DA:4,0
DA:6,0
DA:11,0
DA:19,0
DA:21,0
DA:23,0
DA:24,0
DA:27,0
DA:28,0
DA:29,0
DA:33,0
DA:34,0
DA:37,0
DA:43,0
DA:44,0
DA:48,0
DA:54,0
DA:58,0
DA:63,0
DA:74,0
DA:76,0
DA:78,0
DA:81,0
DA:88,0
DA:89,0
DA:93,0
DA:95,0
DA:100,0
DA:111,0
DA:113,0
DA:115,0
DA:116,0
DA:119,0
DA:120,0
DA:121,0
DA:125,0
DA:139,0
DA:145,0
DA:156,0
DA:158,0
DA:160,0
DA:161,0
DA:164,0
DA:165,0
DA:166,0
DA:170,0
DA:184,0
DA:190,0
LF:49
LH:0
BRDA:28,0,0,0
BRDA:33,1,0,0
BRDA:43,2,0,0
BRDA:88,3,0,0
BRDA:116,4,0,0
BRDA:116,5,0,0
BRDA:120,6,0,0
BRDA:161,7,0,0
BRDA:161,8,0,0
BRDA:165,9,0,0
BRF:10
BRH:0
end_of_record
TN:
SF:src/controllers/module.controller.ts
FN:16,(anonymous_0)
FN:20,(anonymous_1)
FN:58,(anonymous_2)
FN:62,(anonymous_3)
FN:92,(anonymous_4)
FN:96,(anonymous_5)
FN:135,(anonymous_6)
FN:139,(anonymous_7)
FN:180,(anonymous_8)
FN:184,(anonymous_9)
FNF:10
FNH:0
FNDA:0,(anonymous_0)
FNDA:0,(anonymous_1)
FNDA:0,(anonymous_2)
FNDA:0,(anonymous_3)
FNDA:0,(anonymous_4)
FNDA:0,(anonymous_5)
FNDA:0,(anonymous_6)
FNDA:0,(anonymous_7)
FNDA:0,(anonymous_8)
FNDA:0,(anonymous_9)
DA:2,0
DA:3,0
DA:4,0
DA:9,0
DA:17,0
DA:18,0
DA:19,0
DA:20,0
DA:21,0
DA:22,0
DA:23,0
DA:25,0
DA:26,0
DA:29,0
DA:32,0
DA:34,0
DA:42,0
DA:48,0
DA:59,0
DA:60,0
DA:61,0
DA:62,0
DA:63,0
DA:64,0
DA:65,0
DA:67,0
DA:68,0
DA:71,0
DA:74,0
DA:75,0
DA:77,0
DA:82,0
DA:93,0
DA:94,0
DA:95,0
DA:96,0
DA:97,0
DA:98,0
DA:99,0
DA:101,0
DA:102,0
DA:105,0
DA:108,0
DA:111,0
DA:119,0
DA:125,0
DA:136,0
DA:137,0
DA:138,0
DA:139,0
DA:140,0
DA:141,0
DA:142,0
DA:144,0
DA:145,0
DA:148,0
DA:151,0
DA:153,0
DA:156,0
DA:164,0
DA:170,0
DA:181,0
DA:182,0
DA:183,0
DA:184,0
DA:185,0
DA:186,0
DA:187,0
DA:189,0
DA:190,0
DA:193,0
DA:196,0
DA:199,0
DA:201,0
DA:204,0
DA:212,0
DA:217,0
LF:77
LH:0
BRDA:19,0,0,0
BRDA:22,1,0,0
BRDA:22,2,0,0
BRDA:22,2,1,0
BRDA:22,2,2,0
BRDA:32,3,0,0
BRDA:32,4,0,0
BRDA:32,5,0,0
BRDA:32,6,0,0
BRDA:61,7,0,0
BRDA:64,8,0,0
BRDA:64,9,0,0
BRDA:64,9,1,0
BRDA:64,9,2,0
BRDA:95,10,0,0
BRDA:98,11,0,0
BRDA:98,12,0,0
BRDA:98,12,1,0
BRDA:98,12,2,0
BRDA:112,13,0,0
BRDA:112,13,1,0
BRDA:138,14,0,0
BRDA:141,15,0,0
BRDA:141,16,0,0
BRDA:141,16,1,0
BRDA:141,16,2,0
BRDA:157,17,0,0
BRDA:157,17,1,0
BRDA:183,18,0,0
BRDA:186,19,0,0
BRDA:186,20,0,0
BRDA:186,20,1,0
BRDA:186,20,2,0
BRDA:205,21,0,0
BRDA:205,21,1,0
BRF:35
BRH:0
end_of_record
TN:
SF:src/controllers/permission.controller.ts
FN:15,(anonymous_0)
FN:52,(anonymous_1)
FN:57,(anonymous_2)
FN:87,(anonymous_3)
FN:92,(anonymous_4)
FN:131,(anonymous_5)
FN:136,(anonymous_6)
FN:177,(anonymous_7)
FN:182,(anonymous_8)
FNF:9
FNH:0
FNDA:0,(anonymous_0)
FNDA:0,(anonymous_1)
FNDA:0,(anonymous_2)
FNDA:0,(anonymous_3)
FNDA:0,(anonymous_4)
FNDA:0,(anonymous_5)
FNDA:0,(anonymous_6)
FNDA:0,(anonymous_7)
FNDA:0,(anonymous_8)
DA:2,0
DA:3,0
DA:4,0
DA:9,0
DA:16,0
DA:25,0
DA:27,0
DA:37,0
DA:43,0
DA:53,0
DA:54,0
DA:55,0
DA:57,0
DA:59,0
DA:60,0
DA:61,0
DA:63,0
DA:64,0
DA:67,0
DA:70,0
DA:71,0
DA:73,0
DA:78,0
DA:88,0
DA:89,0
DA:90,0
DA:92,0
DA:94,0
DA:95,0
DA:96,0
DA:98,0
DA:99,0
DA:102,0
DA:105,0
DA:108,0
DA:116,0
DA:122,0
DA:132,0
DA:133,0
DA:134,0
DA:136,0
DA:138,0
DA:139,0
DA:140,0
DA:142,0
DA:143,0
DA:146,0
DA:149,0
DA:151,0
DA:154,0
DA:162,0
DA:168,0
DA:178,0
DA:179,0
DA:180,0
DA:182,0
DA:184,0
DA:185,0
DA:186,0
DA:188,0
DA:189,0
DA:192,0
DA:195,0
DA:198,0
DA:200,0
DA:203,0
DA:211,0
DA:216,0
LF:68
LH:0
BRDA:21,0,0,0
BRDA:22,1,0,0
BRDA:23,2,0,0
BRDA:24,3,0,0
BRDA:29,4,0,0
BRDA:29,4,1,0
BRDA:55,5,0,0
BRDA:60,6,0,0
BRDA:60,7,0,0
BRDA:60,7,1,0
BRDA:60,7,2,0
BRDA:90,8,0,0
BRDA:95,9,0,0
BRDA:95,10,0,0
BRDA:95,10,1,0
BRDA:95,10,2,0
BRDA:109,11,0,0
BRDA:109,11,1,0
BRDA:134,12,0,0
BRDA:139,13,0,0
BRDA:139,14,0,0
BRDA:139,14,1,0
BRDA:139,14,2,0
BRDA:155,15,0,0
BRDA:155,15,1,0
BRDA:180,16,0,0
BRDA:185,17,0,0
BRDA:185,18,0,0
BRDA:185,18,1,0
BRDA:185,18,2,0
BRDA:204,19,0,0
BRDA:204,19,1,0
BRF:32
BRH:0
end_of_record
TN:
SF:src/controllers/role.controller.ts
FN:20,(anonymous_0)
FN:47,(anonymous_1)
FN:52,(anonymous_2)
FN:82,(anonymous_3)
FN:87,(anonymous_4)
FN:126,(anonymous_5)
FN:131,(anonymous_6)
FN:171,(anonymous_7)
FN:176,(anonymous_8)
FNF:9
FNH:0
FNDA:0,(anonymous_0)
FNDA:0,(anonymous_1)
FNDA:0,(anonymous_2)
FNDA:0,(anonymous_3)
FNDA:0,(anonymous_4)
FNDA:0,(anonymous_5)
FNDA:0,(anonymous_6)
FNDA:0,(anonymous_7)
FNDA:0,(anonymous_8)
DA:2,0
DA:3,0
DA:4,0
DA:14,0
DA:21,0
DA:22,0
DA:24,0
DA:32,0
DA:38,0
DA:48,0
DA:49,0
DA:50,0
DA:52,0
DA:54,0
DA:55,0
DA:56,0
DA:58,0
DA:59,0
DA:62,0
DA:65,0
DA:66,0
DA:68,0
DA:73,0
DA:83,0
DA:84,0
DA:85,0
DA:87,0
DA:89,0
DA:90,0
DA:91,0
DA:93,0
DA:94,0
DA:97,0
DA:100,0
DA:103,0
DA:111,0
DA:117,0
DA:127,0
DA:128,0
DA:129,0
DA:131,0
DA:133,0
DA:134,0
DA:135,0
DA:137,0
DA:138,0
DA:141,0
DA:144,0
DA:145,0
DA:148,0
DA:156,0
DA:162,0
DA:172,0
DA:173,0
DA:174,0
DA:176,0
DA:178,0
DA:179,0
DA:180,0
DA:182,0
DA:183,0
DA:186,0
DA:189,0
DA:192,0
DA:194,0
DA:197,0
DA:205,0
DA:210,0
LF:68
LH:0
BRDA:22,0,0,0
BRDA:22,1,0,0
BRDA:22,2,0,0
BRDA:22,3,0,0
BRDA:50,4,0,0
BRDA:55,5,0,0
BRDA:55,6,0,0
BRDA:55,6,1,0
BRDA:55,6,2,0
BRDA:85,7,0,0
BRDA:90,8,0,0
BRDA:90,9,0,0
BRDA:90,9,1,0
BRDA:90,9,2,0
BRDA:104,10,0,0
BRDA:104,10,1,0
BRDA:129,11,0,0
BRDA:134,12,0,0
BRDA:134,13,0,0
BRDA:134,13,1,0
BRDA:134,13,2,0
BRDA:149,14,0,0
BRDA:149,14,1,0
BRDA:174,15,0,0
BRDA:179,16,0,0
BRDA:179,17,0,0
BRDA:179,17,1,0
BRDA:179,17,2,0
BRDA:198,18,0,0
BRDA:198,18,1,0
BRF:30
BRH:0
end_of_record
TN:
SF:src/controllers/rolePermission.controller.ts
FN:16,(anonymous_0)
FN:21,(anonymous_1)
FN:59,(anonymous_2)
FN:83,(anonymous_3)
FN:88,(anonymous_4)
FN:132,(anonymous_5)
FN:137,(anonymous_6)
FN:194,(anonymous_7)
FN:199,(anonymous_8)
FNF:9
FNH:0
FNDA:0,(anonymous_0)
FNDA:0,(anonymous_1)
FNDA:0,(anonymous_2)
FNDA:0,(anonymous_3)
FNDA:0,(anonymous_4)
FNDA:0,(anonymous_5)
FNDA:0,(anonymous_6)
FNDA:0,(anonymous_7)
FNDA:0,(anonymous_8)
DA:2,0
DA:4,0
DA:5,0
DA:10,0
DA:17,0
DA:18,0
DA:19,0
DA:21,0
DA:23,0
DA:24,0
DA:25,0
DA:27,0
DA:28,0
DA:31,0
DA:34,0
DA:35,0
DA:38,0
DA:39,0
DA:40,0
DA:44,0
DA:45,0
DA:48,0
DA:54,0
DA:55,0
DA:59,0
DA:65,0
DA:69,0
DA:74,0
DA:84,0
DA:85,0
DA:86,0
DA:88,0
DA:90,0
DA:91,0
DA:92,0
DA:94,0
DA:95,0
DA:98,0
DA:101,0
DA:104,0
DA:111,0
DA:112,0
DA:116,0
DA:118,0
DA:123,0
DA:133,0
DA:134,0
DA:135,0
DA:137,0
DA:139,0
DA:140,0
DA:141,0
DA:143,0
DA:144,0
DA:147,0
DA:150,0
DA:151,0
DA:154,0
DA:155,0
DA:156,0
DA:160,0
DA:179,0
DA:185,0
DA:195,0
DA:196,0
DA:197,0
DA:199,0
DA:201,0
DA:202,0
DA:203,0
DA:205,0
DA:206,0
DA:209,0
DA:212,0
DA:213,0
DA:216,0
DA:217,0
DA:218,0
DA:222,0
DA:236,0
DA:242,0
LF:81
LH:0
BRDA:19,0,0,0
BRDA:24,1,0,0
BRDA:24,2,0,0
BRDA:24,2,1,0
BRDA:24,2,2,0
BRDA:39,3,0,0
BRDA:44,4,0,0
BRDA:54,5,0,0
BRDA:74,6,0,0
BRDA:74,6,1,0
BRDA:86,7,0,0
BRDA:91,8,0,0
BRDA:91,9,0,0
BRDA:91,9,1,0
BRDA:91,9,2,0
BRDA:111,10,0,0
BRDA:123,11,0,0
BRDA:123,11,1,0
BRDA:135,12,0,0
BRDA:140,13,0,0
BRDA:140,14,0,0
BRDA:140,14,1,0
BRDA:140,14,2,0
BRDA:151,15,0,0
BRDA:151,16,0,0
BRDA:155,17,0,0
BRDA:185,18,0,0
BRDA:185,18,1,0
BRDA:197,19,0,0
BRDA:202,20,0,0
BRDA:202,21,0,0
BRDA:202,21,1,0
BRDA:202,21,2,0
BRDA:213,22,0,0
BRDA:213,23,0,0
BRDA:217,24,0,0
BRDA:242,25,0,0
BRDA:242,25,1,0
BRF:38
BRH:0
end_of_record
TN:
SF:src/controllers/user.controller.ts
FN:15,(anonymous_0)
FN:42,(anonymous_1)
FN:47,(anonymous_2)
FN:77,(anonymous_3)
FN:82,(anonymous_4)
FN:121,(anonymous_5)
FN:126,(anonymous_6)
FN:166,(anonymous_7)
FN:171,(anonymous_8)
FNF:9
FNH:0
FNDA:0,(anonymous_0)
FNDA:0,(anonymous_1)
FNDA:0,(anonymous_2)
FNDA:0,(anonymous_3)
FNDA:0,(anonymous_4)
FNDA:0,(anonymous_5)
FNDA:0,(anonymous_6)
FNDA:0,(anonymous_7)
FNDA:0,(anonymous_8)
DA:2,0
DA:3,0
DA:4,0
DA:9,0
DA:16,0
DA:17,0
DA:19,0
DA:27,0
DA:33,0
DA:43,0
DA:44,0
DA:45,0
DA:47,0
DA:49,0
DA:50,0
DA:51,0
DA:53,0
DA:54,0
DA:57,0
DA:60,0
DA:61,0
DA:63,0
DA:68,0
DA:78,0
DA:79,0
DA:80,0
DA:82,0
DA:84,0
DA:85,0
DA:86,0
DA:88,0
DA:89,0
DA:92,0
DA:95,0
DA:98,0
DA:106,0
DA:112,0
DA:122,0
DA:123,0
DA:124,0
DA:126,0
DA:128,0
DA:129,0
DA:130,0
DA:132,0
DA:133,0
DA:136,0
DA:139,0
DA:140,0
DA:143,0
DA:151,0
DA:157,0
DA:167,0
DA:168,0
DA:169,0
DA:171,0
DA:173,0
DA:174,0
DA:175,0
DA:177,0
DA:178,0
DA:181,0
DA:184,0
DA:187,0
DA:189,0
DA:192,0
DA:200,0
DA:205,0
LF:68
LH:0
BRDA:17,0,0,0
BRDA:17,1,0,0
BRDA:17,2,0,0
BRDA:17,3,0,0
BRDA:45,4,0,0
BRDA:50,5,0,0
BRDA:50,6,0,0
BRDA:50,6,1,0
BRDA:50,6,2,0
BRDA:80,7,0,0
BRDA:85,8,0,0
BRDA:85,9,0,0
BRDA:85,9,1,0
BRDA:85,9,2,0
BRDA:99,10,0,0
BRDA:99,10,1,0
BRDA:112,11,0,0
BRDA:112,11,1,0
BRDA:124,12,0,0
BRDA:129,13,0,0
BRDA:129,14,0,0
BRDA:129,14,1,0
BRDA:129,14,2,0
BRDA:144,15,0,0
BRDA:144,15,1,0
BRDA:157,16,0,0
BRDA:157,16,1,0
BRDA:169,17,0,0
BRDA:174,18,0,0
BRDA:174,19,0,0
BRDA:174,19,1,0
BRDA:174,19,2,0
BRDA:193,20,0,0
BRDA:193,20,1,0
BRDA:205,21,0,0
BRDA:205,21,1,0
BRF:36
BRH:0
end_of_record
TN:
SF:src/controllers/userGroup.controller.ts
FN:16,(anonymous_0)
FN:21,(anonymous_1)
FN:59,(anonymous_2)
FN:83,(anonymous_3)
FN:88,(anonymous_4)
FN:132,(anonymous_5)
FN:137,(anonymous_6)
FN:190,(anonymous_7)
FN:195,(anonymous_8)
FNF:9
FNH:0
FNDA:0,(anonymous_0)
FNDA:0,(anonymous_1)
FNDA:0,(anonymous_2)
FNDA:0,(anonymous_3)
FNDA:0,(anonymous_4)
FNDA:0,(anonymous_5)
FNDA:0,(anonymous_6)
FNDA:0,(anonymous_7)
FNDA:0,(anonymous_8)
DA:2,0
DA:4,0
DA:5,0
DA:10,0
DA:17,0
DA:18,0
DA:19,0
DA:21,0
DA:23,0
DA:24,0
DA:25,0
DA:27,0
DA:28,0
DA:31,0
DA:34,0
DA:35,0
DA:38,0
DA:39,0
DA:40,0
DA:44,0
DA:45,0
DA:48,0
DA:54,0
DA:55,0
DA:59,0
DA:65,0
DA:69,0
DA:74,0
DA:84,0
DA:85,0
DA:86,0
DA:88,0
DA:90,0
DA:91,0
DA:92,0
DA:94,0
DA:95,0
DA:98,0
DA:101,0
DA:104,0
DA:111,0
DA:112,0
DA:116,0
DA:118,0
DA:123,0
DA:133,0
DA:134,0
DA:135,0
DA:137,0
DA:139,0
DA:140,0
DA:141,0
DA:143,0
DA:144,0
DA:147,0
DA:150,0
DA:151,0
DA:154,0
DA:155,0
DA:156,0
DA:160,0
DA:175,0
DA:181,0
DA:191,0
DA:192,0
DA:193,0
DA:195,0
DA:197,0
DA:198,0
DA:199,0
DA:201,0
DA:202,0
DA:205,0
DA:208,0
DA:209,0
DA:212,0
DA:213,0
DA:214,0
DA:218,0
DA:232,0
DA:238,0
LF:81
LH:0
BRDA:19,0,0,0
BRDA:24,1,0,0
BRDA:24,2,0,0
BRDA:24,2,1,0
BRDA:24,2,2,0
BRDA:39,3,0,0
BRDA:44,4,0,0
BRDA:54,5,0,0
BRDA:74,6,0,0
BRDA:74,6,1,0
BRDA:86,7,0,0
BRDA:91,8,0,0
BRDA:91,9,0,0
BRDA:91,9,1,0
BRDA:91,9,2,0
BRDA:111,10,0,0
BRDA:123,11,0,0
BRDA:123,11,1,0
BRDA:135,12,0,0
BRDA:140,13,0,0
BRDA:140,14,0,0
BRDA:140,14,1,0
BRDA:140,14,2,0
BRDA:151,15,0,0
BRDA:151,16,0,0
BRDA:155,17,0,0
BRDA:181,18,0,0
BRDA:181,18,1,0
BRDA:193,19,0,0
BRDA:198,20,0,0
BRDA:198,21,0,0
BRDA:198,21,1,0
BRDA:198,21,2,0
BRDA:209,22,0,0
BRDA:209,23,0,0
BRDA:213,24,0,0
BRDA:238,25,0,0
BRDA:238,25,1,0
BRF:38
BRH:0
end_of_record
TN:
SF:src/controllers/userPermission.controller.ts
FN:31,(anonymous_1)
FN:68,(anonymous_2)
FN:74,(anonymous_3)
FN:113,(anonymous_4)
FN:140,(anonymous_5)
FN:161,(anonymous_6)
FN:164,(anonymous_7)
FN:183,(anonymous_8)
FN:185,(anonymous_9)
FN:221,(anonymous_10)
FN:224,(anonymous_11)
FN:233,(anonymous_12)
FN:250,(anonymous_13)
FN:251,(anonymous_14)
FN:278,(anonymous_15)
FNF:15
FNH:0
FNDA:0,(anonymous_1)
FNDA:0,(anonymous_2)
FNDA:0,(anonymous_3)
FNDA:0,(anonymous_4)
FNDA:0,(anonymous_5)
FNDA:0,(anonymous_6)
FNDA:0,(anonymous_7)
FNDA:0,(anonymous_8)
FNDA:0,(anonymous_9)
FNDA:0,(anonymous_10)
FNDA:0,(anonymous_11)
FNDA:0,(anonymous_12)
FNDA:0,(anonymous_13)
FNDA:0,(anonymous_14)
FNDA:0,(anonymous_15)
DA:2,0
DA:3,0
DA:4,0
DA:5,0
DA:6,0
DA:7,0
DA:9,0
DA:21,0
DA:36,0
DA:38,0
DA:39,0
DA:40,0
DA:42,0
DA:43,0
DA:46,0
DA:47,0
DA:49,0
DA:55,0
DA:69,0
DA:70,0
DA:71,0
DA:73,0
DA:76,0
DA:77,0
DA:78,0
DA:80,0
DA:81,0
DA:86,0
DA:89,0
DA:92,0
DA:93,0
DA:94,0
DA:98,0
DA:99,0
DA:100,0
DA:104,0
DA:105,0
DA:109,0
DA:112,0
DA:113,0
DA:116,0
DA:127,0
DA:141,0
DA:143,0
DA:145,0
DA:155,0
DA:156,0
DA:157,0
DA:158,0
DA:161,0
DA:164,0
DA:165,0
DA:168,0
DA:179,0
DA:182,0
DA:183,0
DA:184,0
DA:185,0
DA:186,0
DA:187,0
DA:192,0
DA:194,0
DA:195,0
DA:196,0
DA:200,0
DA:217,0
DA:220,0
DA:221,0
DA:222,0
DA:223,0
DA:224,0
DA:225,0
DA:226,0
DA:231,0
DA:232,0
DA:233,0
DA:235,0
DA:237,0
DA:238,0
DA:251,0
DA:252,0
DA:254,0
DA:256,0
DA:257,0
DA:263,0
DA:264,0
DA:265,0
DA:266,0
DA:268,0
DA:270,0
DA:274,0
DA:277,0
DA:278,0
DA:281,0
DA:282,0
DA:289,0
DA:291,0
LF:97
LH:0
BRDA:42,0,0,0
BRDA:56,1,0,0
BRDA:56,1,1,0
BRDA:71,2,0,0
BRDA:77,3,0,0
BRDA:77,4,0,0
BRDA:77,4,1,0
BRDA:77,4,2,0
BRDA:93,5,0,0
BRDA:99,6,0,0
BRDA:104,7,0,0
BRDA:113,8,0,0
BRDA:113,8,1,0
BRDA:128,9,0,0
BRDA:128,9,1,0
BRDA:156,10,0,0
BRDA:156,11,0,0
BRDA:156,11,1,0
BRDA:156,11,2,0
BRDA:184,12,0,0
BRDA:184,13,0,0
BRDA:184,13,1,0
BRDA:194,14,0,0
BRDA:222,15,0,0
BRDA:222,15,1,0
BRDA:223,16,0,0
BRDA:223,17,0,0
BRDA:223,17,1,0
BRDA:256,18,0,0
BRDA:263,19,0,0
BRDA:263,19,1,0
BRDA:265,20,0,0
BRDA:278,21,0,0
BRDA:278,21,1,0
BRDA:281,22,0,0
BRDA:292,23,0,0
BRDA:292,23,1,0
BRF:37
BRH:0
end_of_record
TN:
SF:src/middlewares/auth.middleware.ts
FN:20,(anonymous_1)
FN:64,(anonymous_2)
FN:74,(anonymous_3)
FNF:3
FNH:0
FNDA:0,(anonymous_1)
FNDA:0,(anonymous_2)
FNDA:0,(anonymous_3)
DA:2,0
DA:3,0
DA:4,0
DA:20,0
DA:21,0
DA:23,0
DA:26,0
DA:28,0
DA:29,0
DA:30,0
DA:34,0
DA:36,0
DA:37,0
DA:38,0
DA:42,0
DA:43,0
DA:44,0
DA:45,0
DA:49,0
DA:50,0
DA:53,0
DA:55,0
DA:56,0
DA:64,0
DA:65,0
DA:66,0
DA:74,0
DA:75,0
DA:76,0
DA:77,0
DA:79,0
DA:80,0
DA:81,0
DA:82,0
DA:86,0
DA:89,0
LF:36
LH:0
BRDA:28,0,0,0
BRDA:36,1,0,0
BRDA:43,2,0,0
BRDA:79,3,0,0
BRDA:81,4,0,0
BRF:5
BRH:0
end_of_record
TN:
SF:src/middlewares/errorHandler.middleware.ts
FN:8,(anonymous_0)
FN:13,(anonymous_1)
FN:39,(anonymous_2)
FN:69,(anonymous_3)
FN:122,(anonymous_4)
FNF:5
FNH:1
FNDA:0,(anonymous_0)
FNDA:0,(anonymous_1)
FNDA:25,(anonymous_2)
FNDA:0,(anonymous_3)
FNDA:0,(anonymous_4)
DA:2,2
DA:8,2
DA:10,0
DA:11,0
DA:12,0
DA:13,0
DA:16,0
DA:24,0
DA:27,0
DA:33,0
DA:39,2
DA:40,25
DA:43,25
DA:44,25
DA:45,25
DA:46,25
DA:49,25
DA:50,12
DA:51,12
DA:52,12
DA:55,12
DA:56,6
DA:61,25
DA:62,0
DA:63,0
DA:66,0
DA:67,0
DA:68,0
DA:70,0
DA:77,25
DA:78,0
DA:79,0
DA:82,0
DA:83,0
DA:84,0
DA:89,25
DA:90,1
DA:91,1
DA:94,25
DA:95,1
DA:96,1
DA:100,25
DA:103,25
DA:104,1
DA:111,24
DA:122,2
DA:123,0
DA:124,0
DA:125,0
LF:49
LH:27
BRDA:11,0,0,0
BRDA:11,1,0,0
BRDA:11,1,1,0
BRDA:16,2,0,0
BRDA:16,2,1,0
BRDA:18,3,0,0
BRDA:18,3,1,0
BRDA:20,4,0,0
BRDA:20,4,1,0
BRDA:49,5,0,12
BRDA:55,6,0,6
BRDA:55,7,0,12
BRDA:55,7,1,6
BRDA:55,7,2,6
BRDA:61,8,0,0
BRDA:61,9,0,25
BRDA:61,9,1,0
BRDA:67,10,0,0
BRDA:67,11,0,0
BRDA:67,11,1,0
BRDA:67,11,2,0
BRDA:77,12,0,0
BRDA:83,13,0,0
BRDA:89,14,0,1
BRDA:94,15,0,1
BRDA:103,16,0,1
BRDA:103,17,0,25
BRDA:103,17,1,1
BRDA:114,18,0,6
BRDA:114,18,1,18
BRDA:115,19,0,0
BRDA:115,19,1,24
BRF:32
BRH:14
end_of_record
TN:
SF:src/models/base.model.ts
FNF:0
FNH:0
DA:1,5
DA:14,5
LF:2
LH:2
BRF:0
BRH:0
end_of_record
TN:
SF:src/models/group.model.ts
FNF:0
FNH:0
DA:1,2
DA:2,2
DA:3,2
DA:17,2
DA:27,2
DA:59,2
LF:6
LH:6
BRF:0
BRH:0
end_of_record
TN:
SF:src/models/groupRole.model.ts
FNF:0
FNH:0
DA:1,1
DA:2,1
DA:15,1
DA:22,1
DA:54,1
LF:5
LH:5
BRF:0
BRH:0
end_of_record
TN:
SF:src/models/index.ts
FN:71,(anonymous_1)
FN:72,(anonymous_2)
FN:73,(anonymous_3)
FN:74,(anonymous_4)
FN:75,(anonymous_5)
FN:76,(anonymous_6)
FN:77,(anonymous_7)
FN:13,initModels
FNF:8
FNH:0
FNDA:0,(anonymous_1)
FNDA:0,(anonymous_2)
FNDA:0,(anonymous_3)
FNDA:0,(anonymous_4)
FNDA:0,(anonymous_5)
FNDA:0,(anonymous_6)
FNDA:0,(anonymous_7)
FNDA:0,initModels
DA:3,0
DA:4,0
DA:5,0
DA:6,0
DA:7,0
DA:8,0
DA:9,0
DA:10,0
DA:13,0
DA:14,0
DA:17,0
DA:18,0
DA:19,0
DA:23,0
DA:24,0
DA:29,0
DA:34,0
DA:37,0
DA:42,0
DA:49,0
DA:54,0
DA:61,0
DA:62,0
DA:65,0
DA:70,0
DA:71,0
DA:72,0
DA:73,0
DA:74,0
DA:75,0
DA:76,0
DA:77,0
LF:32
LH:0
BRF:0
BRH:0
end_of_record
TN:
SF:src/models/module.model.ts
FNF:0
FNH:0
DA:1,1
DA:2,1
DA:3,1
DA:16,1
DA:26,1
DA:58,1
LF:6
LH:6
BRF:0
BRH:0
end_of_record
TN:
SF:src/models/permission.model.ts
FNF:0
FNH:0
DA:1,1
DA:2,1
DA:3,1
DA:19,1
DA:31,1
DA:86,1
LF:6
LH:6
BRF:0
BRH:0
end_of_record
TN:
SF:src/models/role.model.ts
FNF:0
FNH:0
DA:1,1
DA:2,1
DA:3,1
DA:17,1
DA:27,1
DA:59,1
LF:6
LH:6
BRF:0
BRH:0
end_of_record
TN:
SF:src/models/rolePermission.model.ts
FNF:0
FNH:0
DA:1,1
DA:2,1
DA:15,1
DA:22,1
DA:54,1
LF:5
LH:5
BRF:0
BRH:0
end_of_record
TN:
SF:src/models/user.model.ts
FN:38,(anonymous_1)
FN:43,(anonymous_2)
FN:101,(anonymous_3)
FN:107,(anonymous_4)
FNF:4
FNH:0
FNDA:0,(anonymous_1)
FNDA:0,(anonymous_2)
FNDA:0,(anonymous_3)
FNDA:0,(anonymous_4)
DA:1,3
DA:2,3
DA:3,3
DA:4,3
DA:21,3
DA:44,0
DA:49,3
DA:102,0
DA:103,0
DA:104,0
DA:109,0
DA:110,0
DA:111,0
DA:118,3
LF:14
LH:7
BRDA:102,0,0,0
BRDA:109,1,0,0
BRF:2
BRH:0
end_of_record
TN:
SF:src/models/userGroup.model.ts
FNF:0
FNH:0
DA:1,2
DA:2,2
DA:15,2
DA:22,2
DA:54,2
LF:5
LH:5
BRF:0
BRH:0
end_of_record
TN:
SF:src/routes/auth.routes.ts
FNF:0
FNH:0
DA:1,1
DA:2,1
DA:3,1
DA:5,1
DA:12,1
DA:19,1
DA:23,1
LF:7
LH:7
BRF:0
BRH:0
end_of_record
TN:
SF:src/routes/group.routes.ts
FNF:0
FNH:0
DA:1,0
DA:2,0
DA:3,0
DA:4,0
DA:6,0
DA:7,0
DA:14,0
DA:21,0
DA:28,0
DA:35,0
DA:42,0
DA:44,0
LF:12
LH:0
BRF:0
BRH:0
end_of_record
TN:
SF:src/routes/groupRole.routes.ts
FNF:0
FNH:0
DA:1,0
DA:2,0
DA:3,0
DA:4,0
DA:11,0
DA:12,0
DA:19,0
DA:32,0
DA:45,0
DA:58,0
DA:66,0
LF:11
LH:0
BRF:0
BRH:0
end_of_record
TN:
SF:src/routes/module.routes.ts
FNF:0
FNH:0
DA:1,0
DA:2,0
DA:3,0
DA:4,0
DA:6,0
DA:7,0
DA:14,0
DA:21,0
DA:28,0
DA:35,0
DA:42,0
DA:44,0
LF:12
LH:0
BRF:0
BRH:0
end_of_record
TN:
SF:src/routes/permission.routes.ts
FNF:0
FNH:0
DA:1,0
DA:2,0
DA:3,0
DA:4,0
DA:6,0
DA:7,0
DA:14,0
DA:21,0
DA:28,0
DA:35,0
DA:42,0
DA:44,0
LF:12
LH:0
BRF:0
BRH:0
end_of_record
TN:
SF:src/routes/role.routes.ts
FNF:0
FNH:0
DA:1,0
DA:2,0
DA:3,0
DA:4,0
DA:6,0
DA:7,0
DA:14,0
DA:21,0
DA:28,0
DA:35,0
DA:42,0
DA:44,0
LF:12
LH:0
BRF:0
BRH:0
end_of_record
TN:
SF:src/routes/rolePermission.routes.ts
FNF:0
FNH:0
DA:1,0
DA:2,0
DA:3,0
DA:4,0
DA:11,0
DA:12,0
DA:19,0
DA:32,0
DA:45,0
DA:58,0
DA:66,0
LF:11
LH:0
BRF:0
BRH:0
end_of_record
TN:
SF:src/routes/user.routes.ts
FNF:0
FNH:0
DA:1,0
DA:2,0
DA:3,0
DA:4,0
DA:6,0
DA:7,0
DA:14,0
DA:21,0
DA:28,0
DA:35,0
DA:42,0
DA:44,0
LF:12
LH:0
BRF:0
BRH:0
end_of_record
TN:
SF:src/routes/userGroup.routes.ts
FNF:0
FNH:0
DA:1,0
DA:2,0
DA:3,0
DA:4,0
DA:11,0
DA:12,0
DA:19,0
DA:32,0
DA:45,0
DA:58,0
DA:66,0
LF:11
LH:0
BRF:0
BRH:0
end_of_record
TN:
SF:src/routes/userPermission.routes.ts
FNF:0
FNH:0
DA:1,0
DA:2,0
DA:3,0
DA:4,0
DA:6,0
DA:7,0
DA:14,0
DA:25,0
DA:32,0
LF:9
LH:0
BRF:0
BRH:0
end_of_record
TN:
SF:src/services/audit.service.ts
FN:71,(anonymous_1)
FN:92,(anonymous_2)
FN:103,(anonymous_3)
FN:107,(anonymous_4)
FN:111,(anonymous_5)
FN:115,(anonymous_6)
FN:119,(anonymous_7)
FN:123,(anonymous_8)
FN:136,(anonymous_9)
FN:205,(anonymous_10)
FN:230,(anonymous_11)
FN:231,(anonymous_12)
FN:234,(anonymous_13)
FN:237,(anonymous_14)
FN:243,(anonymous_15)
FN:244,(anonymous_16)
FN:245,(anonymous_17)
FN:268,(anonymous_18)
FN:278,(anonymous_19)
FN:289,(anonymous_20)
FN:292,(anonymous_21)
FN:297,(anonymous_22)
FN:298,(anonymous_23)
FN:305,(anonymous_24)
FN:306,(anonymous_25)
FN:311,(anonymous_26)
FN:317,(anonymous_27)
FN:318,(anonymous_28)
FN:333,(anonymous_29)
FN:388,(anonymous_30)
FN:408,(anonymous_31)
FNF:31
FNH:1
FNDA:2,(anonymous_1)
FNDA:0,(anonymous_2)
FNDA:0,(anonymous_3)
FNDA:0,(anonymous_4)
FNDA:0,(anonymous_5)
FNDA:0,(anonymous_6)
FNDA:0,(anonymous_7)
FNDA:0,(anonymous_8)
FNDA:0,(anonymous_9)
FNDA:0,(anonymous_10)
FNDA:0,(anonymous_11)
FNDA:0,(anonymous_12)
FNDA:0,(anonymous_13)
FNDA:0,(anonymous_14)
FNDA:0,(anonymous_15)
FNDA:0,(anonymous_16)
FNDA:0,(anonymous_17)
FNDA:0,(anonymous_18)
FNDA:0,(anonymous_19)
FNDA:0,(anonymous_20)
FNDA:0,(anonymous_21)
FNDA:0,(anonymous_22)
FNDA:0,(anonymous_23)
FNDA:0,(anonymous_24)
FNDA:0,(anonymous_25)
FNDA:0,(anonymous_26)
FNDA:0,(anonymous_27)
FNDA:0,(anonymous_28)
FNDA:0,(anonymous_29)
FNDA:0,(anonymous_30)
FNDA:0,(anonymous_31)
DA:1,1
DA:2,1
DA:3,1
DA:4,1
DA:5,1
DA:6,1
DA:7,1
DA:65,1
DA:66,1
DA:72,2
DA:78,2
DA:81,2
DA:82,0
DA:86,2
DA:100,0
DA:102,0
DA:103,0
DA:106,0
DA:107,0
DA:110,0
DA:111,0
DA:114,0
DA:115,0
DA:118,0
DA:119,0
DA:123,0
DA:126,0
DA:127,0
DA:130,0
DA:137,0
DA:154,0
DA:156,0
DA:157,0
DA:158,0
DA:170,0
DA:181,0
DA:189,0
DA:195,0
DA:196,0
DA:199,0
DA:206,0
DA:230,0
DA:231,0
DA:234,0
DA:237,0
DA:242,0
DA:243,0
DA:244,0
DA:245,0
DA:246,0
DA:251,0
DA:263,0
DA:268,0
DA:272,0
DA:286,0
DA:288,0
DA:289,0
DA:290,0
DA:292,0
DA:293,0
DA:296,0
DA:297,0
DA:298,0
DA:299,0
DA:304,0
DA:305,0
DA:306,0
DA:310,0
DA:311,0
DA:312,0
DA:313,0
DA:316,0
DA:317,0
DA:318,0
DA:320,0
DA:344,0
DA:377,0
DA:395,0
DA:402,0
DA:408,0
DA:412,0
DA:422,1
LF:82
LH:14
BRDA:81,0,0,0
BRDA:86,1,0,2
BRDA:86,1,1,0
BRDA:92,2,0,0
BRDA:102,3,0,0
BRDA:106,4,0,0
BRDA:110,5,0,0
BRDA:114,6,0,0
BRDA:118,7,0,0
BRDA:126,8,0,0
BRDA:196,9,0,0
BRDA:196,9,1,0
BRDA:231,10,0,0
BRDA:231,10,1,0
BRDA:234,11,0,0
BRDA:234,11,1,0
BRDA:237,12,0,0
BRDA:237,12,1,0
BRDA:244,13,0,0
BRDA:244,13,1,0
BRDA:245,14,0,0
BRDA:245,14,1,0
BRDA:293,15,0,0
BRDA:293,15,1,0
BRDA:299,16,0,0
BRDA:299,16,1,0
BRDA:313,17,0,0
BRDA:313,17,1,0
BRDA:378,18,0,0
BRDA:378,18,1,0
BRDA:379,19,0,0
BRDA:379,19,1,0
BRDA:380,20,0,0
BRDA:380,20,1,0
BRDA:381,21,0,0
BRDA:381,21,1,0
BRF:36
BRH:1
end_of_record
TN:
SF:src/services/auth.service.ts
FN:39,(anonymous_1)
FN:86,(anonymous_2)
FN:124,(anonymous_3)
FN:144,(anonymous_4)
FN:158,(anonymous_5)
FN:170,(anonymous_6)
FNF:6
FNH:2
FNDA:4,(anonymous_1)
FNDA:8,(anonymous_2)
FNDA:0,(anonymous_3)
FNDA:0,(anonymous_4)
FNDA:0,(anonymous_5)
FNDA:0,(anonymous_6)
DA:1,2
DA:2,2
DA:3,2
DA:4,2
DA:5,2
DA:35,2
DA:40,4
DA:43,4
DA:49,4
DA:50,2
DA:51,1
DA:53,1
DA:54,1
DA:59,2
DA:69,2
DA:71,2
DA:87,8
DA:90,8
DA:91,7
DA:92,2
DA:96,5
DA:97,2
DA:101,3
DA:102,3
DA:103,1
DA:107,2
DA:109,2
DA:125,0
DA:126,0
DA:127,0
DA:131,0
DA:132,0
DA:133,0
DA:137,0
DA:138,0
DA:145,0
DA:146,0
DA:147,0
DA:151,0
DA:152,0
DA:159,0
DA:160,0
DA:161,0
DA:164,0
DA:171,0
DA:172,0
DA:173,0
DA:176,0
DA:180,2
LF:49
LH:28
BRDA:49,0,0,2
BRDA:50,1,0,1
BRDA:53,2,0,1
BRDA:91,3,0,2
BRDA:96,4,0,2
BRDA:102,5,0,1
BRDA:126,6,0,0
BRDA:132,7,0,0
BRDA:146,8,0,0
BRDA:160,9,0,0
BRDA:172,10,0,0
BRF:11
BRH:6
end_of_record
TN:
SF:src/services/group.service.ts
FN:63,(anonymous_1)
FN:108,(anonymous_2)
FN:115,(anonymous_3)
FN:120,(anonymous_4)
FN:137,(anonymous_5)
FN:165,(anonymous_6)
FN:170,(anonymous_7)
FN:185,(anonymous_8)
FN:219,(anonymous_9)
FN:245,(anonymous_10)
FN:264,(anonymous_11)
FN:283,(anonymous_12)
FN:304,(anonymous_13)
FN:305,(anonymous_14)
FN:309,(anonymous_15)
FN:322,(anonymous_16)
FN:333,(anonymous_17)
FN:354,(anonymous_18)
FN:355,(anonymous_19)
FN:359,(anonymous_20)
FN:372,(anonymous_21)
FN:383,(anonymous_22)
FNF:22
FNH:0
FNDA:0,(anonymous_1)
FNDA:0,(anonymous_2)
FNDA:0,(anonymous_3)
FNDA:0,(anonymous_4)
FNDA:0,(anonymous_5)
FNDA:0,(anonymous_6)
FNDA:0,(anonymous_7)
FNDA:0,(anonymous_8)
FNDA:0,(anonymous_9)
FNDA:0,(anonymous_10)
FNDA:0,(anonymous_11)
FNDA:0,(anonymous_12)
FNDA:0,(anonymous_13)
FNDA:0,(anonymous_14)
FNDA:0,(anonymous_15)
FNDA:0,(anonymous_16)
FNDA:0,(anonymous_17)
FNDA:0,(anonymous_18)
FNDA:0,(anonymous_19)
FNDA:0,(anonymous_20)
FNDA:0,(anonymous_21)
FNDA:0,(anonymous_22)
DA:1,1
DA:2,1
DA:3,1
DA:4,1
DA:5,1
DA:6,1
DA:7,1
DA:59,1
DA:64,0
DA:67,0
DA:69,0
DA:70,0
DA:76,0
DA:77,0
DA:81,0
DA:98,0
DA:108,0
DA:115,0
DA:120,0
DA:131,0
DA:138,0
DA:154,0
DA:155,0
DA:158,0
DA:165,0
DA:170,0
DA:186,0
DA:189,0
DA:190,0
DA:191,0
DA:195,0
DA:202,0
DA:220,0
DA:221,0
DA:222,0
DA:226,0
DA:227,0
DA:230,0
DA:231,0
DA:236,0
DA:239,0
DA:246,0
DA:247,0
DA:248,0
DA:252,0
DA:253,0
DA:254,0
DA:258,0
DA:265,0
DA:266,0
DA:267,0
DA:271,0
DA:277,0
DA:285,0
DA:286,0
DA:287,0
DA:291,0
DA:295,0
DA:296,0
DA:300,0
DA:304,0
DA:305,0
DA:308,0
DA:309,0
DA:310,0
DA:313,0
DA:323,0
DA:327,0
DA:335,0
DA:336,0
DA:337,0
DA:341,0
DA:345,0
DA:346,0
DA:350,0
DA:354,0
DA:355,0
DA:358,0
DA:359,0
DA:360,0
DA:363,0
DA:373,0
DA:377,0
DA:394,0
DA:423,0
DA:437,1
LF:86
LH:9
BRDA:63,0,0,0
BRDA:64,1,0,0
BRDA:64,2,0,0
BRDA:64,3,0,0
BRDA:64,4,0,0
BRDA:69,5,0,0
BRDA:76,6,0,0
BRDA:115,7,0,0
BRDA:115,7,1,0
BRDA:120,8,0,0
BRDA:120,8,1,0
BRDA:127,9,0,0
BRDA:127,9,1,0
BRDA:128,10,0,0
BRDA:128,10,1,0
BRDA:154,11,0,0
BRDA:165,12,0,0
BRDA:165,12,1,0
BRDA:170,13,0,0
BRDA:170,13,1,0
BRDA:177,14,0,0
BRDA:177,14,1,0
BRDA:178,15,0,0
BRDA:178,15,1,0
BRDA:186,16,0,0
BRDA:190,17,0,0
BRDA:221,18,0,0
BRDA:226,19,0,0
BRDA:226,20,0,0
BRDA:226,20,1,0
BRDA:230,21,0,0
BRDA:247,22,0,0
BRDA:253,23,0,0
BRDA:266,24,0,0
BRDA:286,25,0,0
BRDA:295,26,0,0
BRDA:308,27,0,0
BRDA:336,28,0,0
BRDA:345,29,0,0
BRDA:358,30,0,0
BRDA:431,31,0,0
BRDA:431,31,1,0
BRDA:432,32,0,0
BRDA:432,32,1,0
BRF:44
BRH:0
end_of_record
TN:
SF:src/services/index.ts
FN:6,(anonymous_1)
FN:6,(anonymous_2)
FN:7,(anonymous_3)
FN:7,(anonymous_4)
FN:8,(anonymous_5)
FN:8,(anonymous_6)
FN:9,(anonymous_7)
FN:9,(anonymous_8)
FN:10,(anonymous_9)
FN:10,(anonymous_10)
FN:11,(anonymous_11)
FN:11,(anonymous_12)
FN:12,(anonymous_13)
FN:12,(anonymous_14)
FNF:14
FNH:2
FNDA:0,(anonymous_1)
FNDA:5,(anonymous_2)
FNDA:0,(anonymous_3)
FNDA:0,(anonymous_4)
FNDA:0,(anonymous_5)
FNDA:0,(anonymous_6)
FNDA:0,(anonymous_7)
FNDA:2,(anonymous_8)
FNDA:0,(anonymous_9)
FNDA:0,(anonymous_10)
FNDA:0,(anonymous_11)
FNDA:0,(anonymous_12)
FNDA:0,(anonymous_13)
FNDA:0,(anonymous_14)
DA:6,6
DA:7,1
DA:8,1
DA:9,3
DA:10,1
DA:11,1
DA:12,1
LF:7
LH:7
BRF:0
BRH:0
end_of_record
TN:
SF:src/services/module.service.ts
FN:52,(anonymous_0)
FN:89,(anonymous_1)
FN:96,(anonymous_2)
FN:111,(anonymous_3)
FN:132,(anonymous_4)
FN:145,(anonymous_5)
FN:167,(anonymous_6)
FN:180,(anonymous_7)
FN:212,(anonymous_8)
FN:238,(anonymous_9)
FN:257,(anonymous_10)
FN:276,(anonymous_11)
FN:297,(anonymous_12)
FN:298,(anonymous_13)
FN:303,(anonymous_14)
FN:315,(anonymous_15)
FN:329,(anonymous_16)
FN:348,(anonymous_17)
FN:356,(anonymous_18)
FN:364,(anonymous_19)
FN:403,(anonymous_20)
FNF:21
FNH:0
FNDA:0,(anonymous_0)
FNDA:0,(anonymous_1)
FNDA:0,(anonymous_2)
FNDA:0,(anonymous_3)
FNDA:0,(anonymous_4)
FNDA:0,(anonymous_5)
FNDA:0,(anonymous_6)
FNDA:0,(anonymous_7)
FNDA:0,(anonymous_8)
FNDA:0,(anonymous_9)
FNDA:0,(anonymous_10)
FNDA:0,(anonymous_11)
FNDA:0,(anonymous_12)
FNDA:0,(anonymous_13)
FNDA:0,(anonymous_14)
FNDA:0,(anonymous_15)
FNDA:0,(anonymous_16)
FNDA:0,(anonymous_17)
FNDA:0,(anonymous_18)
FNDA:0,(anonymous_19)
FNDA:0,(anonymous_20)
DA:1,1
DA:2,1
DA:3,1
DA:4,1
DA:48,1
DA:53,0
DA:56,0
DA:58,0
DA:59,0
DA:65,0
DA:66,0
DA:70,0
DA:79,0
DA:89,0
DA:96,0
DA:105,0
DA:112,0
DA:121,0
DA:122,0
DA:125,0
DA:132,0
DA:146,0
DA:156,0
DA:157,0
DA:160,0
DA:167,0
DA:181,0
DA:184,0
DA:185,0
DA:186,0
DA:190,0
DA:197,0
DA:213,0
DA:214,0
DA:215,0
DA:219,0
DA:220,0
DA:223,0
DA:224,0
DA:229,0
DA:232,0
DA:239,0
DA:240,0
DA:241,0
DA:245,0
DA:246,0
DA:247,0
DA:251,0
DA:258,0
DA:259,0
DA:260,0
DA:264,0
DA:265,0
DA:266,0
DA:270,0
DA:284,0
DA:285,0
DA:286,0
DA:289,0
DA:290,0
DA:293,0
DA:297,0
DA:298,0
DA:301,0
DA:302,0
DA:303,0
DA:311,0
DA:315,0
DA:323,0
DA:337,0
DA:348,0
DA:349,0
DA:350,0
DA:356,0
DA:373,0
DA:389,0
DA:404,0
DA:407,0
DA:408,0
DA:411,0
DA:412,0
DA:416,0
DA:417,0
DA:418,0
DA:422,0
DA:423,0
DA:426,0
DA:433,1
LF:88
LH:6
BRDA:52,0,0,0
BRDA:53,1,0,0
BRDA:53,2,0,0
BRDA:53,3,0,0
BRDA:53,4,0,0
BRDA:58,5,0,0
BRDA:65,6,0,0
BRDA:96,7,0,0
BRDA:96,7,1,0
BRDA:102,8,0,0
BRDA:102,8,1,0
BRDA:121,9,0,0
BRDA:132,10,0,0
BRDA:132,10,1,0
BRDA:138,11,0,0
BRDA:138,11,1,0
BRDA:156,12,0,0
BRDA:167,13,0,0
BRDA:167,13,1,0
BRDA:173,14,0,0
BRDA:173,14,1,0
BRDA:181,15,0,0
BRDA:185,16,0,0
BRDA:214,17,0,0
BRDA:219,18,0,0
BRDA:219,19,0,0
BRDA:219,19,1,0
BRDA:223,20,0,0
BRDA:240,21,0,0
BRDA:246,22,0,0
BRDA:259,23,0,0
BRDA:265,24,0,0
BRDA:285,25,0,0
BRDA:302,26,0,0
BRDA:349,27,0,0
BRDA:349,27,1,0
BRDA:395,28,0,0
BRDA:395,28,1,0
BRDA:407,29,0,0
BRDA:411,30,0,0
BRDA:417,31,0,0
BRDA:422,32,0,0
BRF:42
BRH:0
end_of_record
TN:
SF:src/services/permission.service.ts
FN:68,(anonymous_1)
FN:104,(anonymous_2)
FN:127,(anonymous_3)
FN:160,(anonymous_4)
FN:187,(anonymous_5)
FN:224,(anonymous_6)
FN:236,(anonymous_7)
FN:264,(anonymous_8)
FN:281,(anonymous_9)
FN:284,(anonymous_10)
FN:315,(anonymous_11)
FN:332,(anonymous_12)
FN:348,(anonymous_13)
FN:351,(anonymous_14)
FN:381,(anonymous_15)
FN:383,(anonymous_16)
FN:395,(anonymous_17)
FN:423,(anonymous_18)
FN:427,(anonymous_19)
FN:441,(anonymous_20)
FN:453,(anonymous_21)
FN:482,(anonymous_22)
FN:497,(anonymous_23)
FN:526,(anonymous_24)
FN:541,(anonymous_25)
FN:570,(anonymous_26)
FN:585,(anonymous_27)
FN:602,(anonymous_28)
FN:620,(anonymous_29)
FNF:29
FNH:0
FNDA:0,(anonymous_1)
FNDA:0,(anonymous_2)
FNDA:0,(anonymous_3)
FNDA:0,(anonymous_4)
FNDA:0,(anonymous_5)
FNDA:0,(anonymous_6)
FNDA:0,(anonymous_7)
FNDA:0,(anonymous_8)
FNDA:0,(anonymous_9)
FNDA:0,(anonymous_10)
FNDA:0,(anonymous_11)
FNDA:0,(anonymous_12)
FNDA:0,(anonymous_13)
FNDA:0,(anonymous_14)
FNDA:0,(anonymous_15)
FNDA:0,(anonymous_16)
FNDA:0,(anonymous_17)
FNDA:0,(anonymous_18)
FNDA:0,(anonymous_19)
FNDA:0,(anonymous_20)
FNDA:0,(anonymous_21)
FNDA:0,(anonymous_22)
FNDA:0,(anonymous_23)
FNDA:0,(anonymous_24)
FNDA:0,(anonymous_25)
FNDA:0,(anonymous_26)
FNDA:0,(anonymous_27)
FNDA:0,(anonymous_28)
FNDA:0,(anonymous_29)
DA:1,1
DA:2,1
DA:3,1
DA:4,1
DA:5,1
DA:6,1
DA:7,1
DA:8,1
DA:9,1
DA:10,1
DA:64,1
DA:69,0
DA:72,0
DA:74,0
DA:75,0
DA:81,0
DA:82,0
DA:85,0
DA:86,0
DA:89,0
DA:104,0
DA:118,0
DA:128,0
DA:138,0
DA:139,0
DA:142,0
DA:162,0
DA:170,0
DA:171,0
DA:175,0
DA:176,0
DA:177,0
DA:180,0
DA:181,0
DA:188,0
DA:189,0
DA:190,0
DA:194,0
DA:195,0
DA:204,0
DA:205,0
DA:210,0
DA:211,0
DA:212,0
DA:213,0
DA:217,0
DA:218,0
DA:225,0
DA:226,0
DA:227,0
DA:230,0
DA:238,0
DA:248,0
DA:249,0
DA:252,0
DA:253,0
DA:264,0
DA:265,0
DA:277,0
DA:280,0
DA:282,0
DA:283,0
DA:285,0
DA:286,0
DA:294,0
DA:302,0
DA:317,0
DA:327,0
DA:328,0
DA:332,0
DA:335,0
DA:347,0
DA:348,0
DA:349,0
DA:350,0
DA:351,0
DA:352,0
DA:357,0
DA:358,0
DA:362,0
DA:380,0
DA:381,0
DA:382,0
DA:383,0
DA:384,0
DA:389,0
DA:396,0
DA:412,0
DA:413,0
DA:416,0
DA:417,0
DA:424,0
DA:426,0
DA:427,0
DA:430,0
DA:442,0
DA:443,0
DA:444,0
DA:447,0
DA:455,0
DA:456,0
DA:457,0
DA:461,0
DA:462,0
DA:463,0
DA:467,0
DA:471,0
DA:472,0
DA:476,0
DA:483,0
DA:487,0
DA:488,0
DA:491,0
DA:499,0
DA:500,0
DA:501,0
DA:505,0
DA:506,0
DA:507,0
DA:511,0
DA:515,0
DA:516,0
DA:520,0
DA:527,0
DA:531,0
DA:532,0
DA:535,0
DA:543,0
DA:544,0
DA:545,0
DA:549,0
DA:550,0
DA:551,0
DA:555,0
DA:559,0
DA:560,0
DA:564,0
DA:571,0
DA:575,0
DA:576,0
DA:579,0
DA:587,0
DA:598,0
DA:599,0
DA:602,0
DA:605,0
DA:616,0
DA:617,0
DA:620,0
DA:623,0
DA:634,0
DA:638,1
LF:152
LH:12
BRDA:68,0,0,0
BRDA:69,1,0,0
BRDA:69,2,0,0
BRDA:69,3,0,0
BRDA:69,4,0,0
BRDA:74,5,0,0
BRDA:81,6,0,0
BRDA:85,7,0,0
BRDA:138,8,0,0
BRDA:170,9,0,0
BRDA:176,10,0,0
BRDA:180,11,0,0
BRDA:180,11,1,0
BRDA:189,12,0,0
BRDA:194,13,0,0
BRDA:194,14,0,0
BRDA:194,14,1,0
BRDA:194,14,2,0
BRDA:197,15,0,0
BRDA:197,15,1,0
BRDA:198,16,0,0
BRDA:198,16,1,0
BRDA:199,17,0,0
BRDA:199,17,1,0
BRDA:204,18,0,0
BRDA:210,19,0,0
BRDA:212,20,0,0
BRDA:226,21,0,0
BRDA:248,22,0,0
BRDA:252,23,0,0
BRDA:252,24,0,0
BRDA:252,24,1,0
BRDA:282,25,0,0
BRDA:282,25,1,0
BRDA:327,26,0,0
BRDA:327,27,0,0
BRDA:327,27,1,0
BRDA:327,27,2,0
BRDA:349,28,0,0
BRDA:349,28,1,0
BRDA:350,29,0,0
BRDA:350,30,0,0
BRDA:350,30,1,0
BRDA:357,31,0,0
BRDA:382,32,0,0
BRDA:382,33,0,0
BRDA:382,33,1,0
BRDA:412,34,0,0
BRDA:417,35,0,0
BRDA:417,35,1,0
BRDA:427,36,0,0
BRDA:427,36,1,0
BRDA:443,37,0,0
BRDA:456,38,0,0
BRDA:462,39,0,0
BRDA:471,40,0,0
BRDA:487,41,0,0
BRDA:500,42,0,0
BRDA:506,43,0,0
BRDA:515,44,0,0
BRDA:531,45,0,0
BRDA:544,46,0,0
BRDA:550,47,0,0
BRDA:559,48,0,0
BRDA:575,49,0,0
BRDA:598,50,0,0
BRDA:616,51,0,0
BRF:67
BRH:0
end_of_record
TN:
SF:src/services/role.service.ts
FN:68,(anonymous_0)
FN:119,(anonymous_1)
FN:126,(anonymous_2)
FN:136,(anonymous_3)
FN:151,(anonymous_4)
FN:184,(anonymous_5)
FN:194,(anonymous_6)
FN:207,(anonymous_7)
FN:241,(anonymous_8)
FN:267,(anonymous_9)
FN:286,(anonymous_10)
FN:305,(anonymous_11)
FN:326,(anonymous_12)
FN:327,(anonymous_13)
FN:331,(anonymous_14)
FN:344,(anonymous_15)
FN:355,(anonymous_16)
FN:383,(anonymous_17)
FN:390,(anonymous_18)
FN:400,(anonymous_19)
FN:413,(anonymous_20)
FN:442,(anonymous_21)
FN:449,(anonymous_22)
FN:459,(anonymous_23)
FN:472,(anonymous_24)
FN:484,(anonymous_25)
FN:495,(anonymous_26)
FNF:27
FNH:0
FNDA:0,(anonymous_0)
FNDA:0,(anonymous_1)
FNDA:0,(anonymous_2)
FNDA:0,(anonymous_3)
FNDA:0,(anonymous_4)
FNDA:0,(anonymous_5)
FNDA:0,(anonymous_6)
FNDA:0,(anonymous_7)
FNDA:0,(anonymous_8)
FNDA:0,(anonymous_9)
FNDA:0,(anonymous_10)
FNDA:0,(anonymous_11)
FNDA:0,(anonymous_12)
FNDA:0,(anonymous_13)
FNDA:0,(anonymous_14)
FNDA:0,(anonymous_15)
FNDA:0,(anonymous_16)
FNDA:0,(anonymous_17)
FNDA:0,(anonymous_18)
FNDA:0,(anonymous_19)
FNDA:0,(anonymous_20)
FNDA:0,(anonymous_21)
FNDA:0,(anonymous_22)
FNDA:0,(anonymous_23)
FNDA:0,(anonymous_24)
FNDA:0,(anonymous_25)
FNDA:0,(anonymous_26)
DA:1,1
DA:2,1
DA:3,1
DA:4,1
DA:5,1
DA:6,1
DA:7,1
DA:8,1
DA:64,1
DA:69,0
DA:72,0
DA:74,0
DA:75,0
DA:81,0
DA:82,0
DA:86,0
DA:109,0
DA:119,0
DA:126,0
DA:136,0
DA:145,0
DA:152,0
DA:173,0
DA:174,0
DA:177,0
DA:184,0
DA:194,0
DA:208,0
DA:211,0
DA:212,0
DA:213,0
DA:217,0
DA:224,0
DA:242,0
DA:243,0
DA:244,0
DA:248,0
DA:249,0
DA:252,0
DA:253,0
DA:258,0
DA:261,0
DA:268,0
DA:269,0
DA:270,0
DA:274,0
DA:275,0
DA:276,0
DA:280,0
DA:287,0
DA:288,0
DA:289,0
DA:293,0
DA:299,0
DA:307,0
DA:308,0
DA:309,0
DA:313,0
DA:317,0
DA:318,0
DA:322,0
DA:326,0
DA:327,0
DA:330,0
DA:331,0
DA:332,0
DA:335,0
DA:345,0
DA:349,0
DA:356,0
DA:357,0
DA:358,0
DA:361,0
DA:383,0
DA:390,0
DA:400,0
DA:414,0
DA:415,0
DA:416,0
DA:419,0
DA:442,0
DA:449,0
DA:459,0
DA:473,0
DA:476,0
DA:483,0
DA:484,0
DA:485,0
DA:489,0
DA:506,0
DA:535,0
DA:549,1
LF:92
LH:10
BRDA:68,0,0,0
BRDA:69,1,0,0
BRDA:69,2,0,0
BRDA:69,3,0,0
BRDA:69,4,0,0
BRDA:74,5,0,0
BRDA:81,6,0,0
BRDA:96,7,0,0
BRDA:96,7,1,0
BRDA:126,8,0,0
BRDA:126,8,1,0
BRDA:136,9,0,0
BRDA:136,9,1,0
BRDA:141,10,0,0
BRDA:141,10,1,0
BRDA:142,11,0,0
BRDA:142,11,1,0
BRDA:173,12,0,0
BRDA:184,13,0,0
BRDA:184,13,1,0
BRDA:194,14,0,0
BRDA:194,14,1,0
BRDA:199,15,0,0
BRDA:199,15,1,0
BRDA:200,16,0,0
BRDA:200,16,1,0
BRDA:208,17,0,0
BRDA:212,18,0,0
BRDA:243,19,0,0
BRDA:248,20,0,0
BRDA:248,21,0,0
BRDA:248,21,1,0
BRDA:252,22,0,0
BRDA:269,23,0,0
BRDA:275,24,0,0
BRDA:288,25,0,0
BRDA:308,26,0,0
BRDA:317,27,0,0
BRDA:330,28,0,0
BRDA:357,29,0,0
BRDA:390,30,0,0
BRDA:390,30,1,0
BRDA:400,31,0,0
BRDA:400,31,1,0
BRDA:405,32,0,0
BRDA:405,32,1,0
BRDA:406,33,0,0
BRDA:406,33,1,0
BRDA:415,34,0,0
BRDA:449,35,0,0
BRDA:449,35,1,0
BRDA:459,36,0,0
BRDA:459,36,1,0
BRDA:464,37,0,0
BRDA:464,37,1,0
BRDA:465,38,0,0
BRDA:465,38,1,0
BRDA:478,39,0,0
BRDA:478,39,1,0
BRDA:483,40,0,0
BRDA:543,41,0,0
BRDA:543,41,1,0
BRDA:544,42,0,0
BRDA:544,42,1,0
BRF:64
BRH:0
end_of_record
TN:
SF:src/services/user.service.ts
FN:58,(anonymous_1)
FN:103,(anonymous_2)
FN:112,(anonymous_3)
FN:125,(anonymous_4)
FN:149,(anonymous_5)
FN:160,(anonymous_6)
FN:206,(anonymous_7)
FN:251,(anonymous_8)
FN:264,(anonymous_9)
FN:280,(anonymous_10)
FN:297,(anonymous_11)
FN:306,(anonymous_12)
FN:317,(anonymous_13)
FN:338,(anonymous_14)
FN:339,(anonymous_15)
FN:343,(anonymous_16)
FN:356,(anonymous_17)
FN:367,(anonymous_18)
FNF:18
FNH:5
FNDA:3,(anonymous_1)
FNDA:0,(anonymous_2)
FNDA:0,(anonymous_3)
FNDA:3,(anonymous_4)
FNDA:0,(anonymous_5)
FNDA:3,(anonymous_6)
FNDA:2,(anonymous_7)
FNDA:2,(anonymous_8)
FNDA:0,(anonymous_9)
FNDA:0,(anonymous_10)
FNDA:0,(anonymous_11)
FNDA:0,(anonymous_12)
FNDA:0,(anonymous_13)
FNDA:0,(anonymous_14)
FNDA:0,(anonymous_15)
FNDA:0,(anonymous_16)
FNDA:0,(anonymous_17)
FNDA:0,(anonymous_18)
DA:1,2
DA:2,2
DA:3,2
DA:4,2
DA:5,2
DA:54,2
DA:59,3
DA:62,3
DA:64,3
DA:65,1
DA:73,3
DA:74,1
DA:78,3
DA:87,3
DA:88,0
DA:89,0
DA:93,3
DA:103,0
DA:112,0
DA:119,0
DA:126,3
DA:136,3
DA:137,1
DA:140,2
DA:149,0
DA:161,3
DA:164,3
DA:170,3
DA:171,2
DA:172,1
DA:174,1
DA:175,1
DA:180,1
DA:190,1
DA:207,2
DA:208,2
DA:209,1
DA:213,1
DA:214,0
DA:218,0
DA:219,0
DA:220,0
DA:222,0
DA:223,0
DA:226,0
DA:227,0
DA:229,0
DA:230,0
DA:231,0
DA:232,0
DA:234,0
DA:235,0
DA:242,1
DA:245,1
DA:252,2
DA:253,2
DA:254,1
DA:258,1
DA:265,0
DA:266,0
DA:267,0
DA:271,0
DA:274,0
DA:281,0
DA:282,0
DA:283,0
DA:286,0
DA:297,0
DA:306,0
DA:319,0
DA:320,0
DA:321,0
DA:325,0
DA:329,0
DA:330,0
DA:334,0
DA:338,0
DA:339,0
DA:342,0
DA:343,0
DA:344,0
DA:347,0
DA:357,0
DA:361,0
DA:374,0
DA:390,0
DA:400,2
LF:87
LH:39
BRDA:58,0,0,0
BRDA:59,1,0,3
BRDA:59,2,0,3
BRDA:59,3,0,3
BRDA:59,4,0,3
BRDA:64,5,0,1
BRDA:73,6,0,1
BRDA:87,7,0,0
BRDA:112,8,0,0
BRDA:112,8,1,0
BRDA:136,9,0,1
BRDA:149,10,0,2
BRDA:149,10,1,2
BRDA:161,11,0,3
BRDA:170,12,0,2
BRDA:171,13,0,1
BRDA:174,14,0,1
BRDA:208,15,0,1
BRDA:213,16,0,0
BRDA:213,17,0,1
BRDA:213,17,1,1
BRDA:219,18,0,0
BRDA:222,19,0,0
BRDA:226,20,0,0
BRDA:230,21,0,0
BRDA:231,22,0,0
BRDA:231,23,0,0
BRDA:231,23,1,0
BRDA:234,24,0,0
BRDA:234,25,0,0
BRDA:234,25,1,0
BRDA:253,26,0,1
BRDA:266,27,0,0
BRDA:282,28,0,0
BRDA:306,29,0,0
BRDA:306,29,1,0
BRDA:320,30,0,0
BRDA:329,31,0,0
BRDA:342,32,0,0
BRF:39
BRH:17
end_of_record
TN:
SF:src/utils/errors.ts
FN:8,(anonymous_0)
FN:21,(anonymous_1)
FN:30,(anonymous_2)
FN:39,(anonymous_3)
FN:48,(anonymous_4)
FN:57,(anonymous_5)
FN:68,(anonymous_6)
FN:78,(anonymous_7)
FNF:8
FNH:6
FNDA:41,(anonymous_0)
FNDA:0,(anonymous_1)
FNDA:11,(anonymous_2)
FNDA:0,(anonymous_3)
FNDA:9,(anonymous_4)
FNDA:11,(anonymous_5)
FNDA:8,(anonymous_6)
FNDA:1,(anonymous_7)
DA:4,5
DA:9,41
DA:10,41
DA:11,41
DA:13,41
DA:20,5
DA:22,0
DA:29,5
DA:31,11
DA:38,5
DA:40,0
DA:47,5
DA:49,9
DA:56,5
DA:58,11
DA:65,5
DA:69,8
DA:70,8
DA:77,5
DA:79,1
LF:20
LH:18
BRDA:21,0,0,0
BRDA:30,1,0,0
BRDA:39,2,0,0
BRDA:48,3,0,0
BRDA:57,4,0,0
BRDA:68,5,0,0
BRDA:68,6,0,1
BRDA:78,7,0,0
BRF:8
BRH:1
end_of_record
TN:
SF:src/utils/jwt.utils.ts
FN:16,(anonymous_1)
FN:34,(anonymous_2)
FN:48,(anonymous_3)
FNF:3
FNH:3
FNDA:2,(anonymous_1)
FNDA:3,(anonymous_2)
FNDA:7,(anonymous_3)
DA:1,3
DA:16,3
DA:17,2
DA:23,2
DA:24,2
DA:26,2
DA:34,3
DA:35,3
DA:36,3
DA:37,3
DA:39,1
DA:48,3
DA:49,7
DA:50,4
DA:52,3
LF:15
LH:15
BRDA:23,0,0,2
BRDA:23,0,1,1
BRDA:24,1,0,2
BRDA:24,1,1,1
BRDA:36,2,0,3
BRDA:36,2,1,1
BRDA:49,3,0,4
BRF:7
BRH:7
end_of_record
TN:
SF:src/validators/auth.validator.ts
FNF:0
FNH:0
DA:1,2
DA:6,2
DA:41,2
LF:3
LH:3
BRF:0
BRH:0
end_of_record
TN:
SF:src/validators/group.validator.ts
FNF:0
FNH:0
DA:1,0
DA:6,0
DA:29,0
DA:57,0
LF:4
LH:0
BRF:0
BRH:0
end_of_record
TN:
SF:src/validators/groupRole.validator.ts
FNF:0
FNH:0
DA:1,0
DA:6,0
DA:25,0
DA:38,0
DA:47,0
LF:5
LH:0
BRF:0
BRH:0
end_of_record
TN:
SF:src/validators/module.validator.ts
FNF:0
FNH:0
DA:1,0
DA:6,0
DA:36,0
DA:71,0
LF:4
LH:0
BRF:0
BRH:0
end_of_record
TN:
SF:src/validators/permission.validator.ts
FNF:0
FNH:0
DA:1,0
DA:6,0
DA:39,0
DA:79,0
LF:4
LH:0
BRF:0
BRH:0
end_of_record
TN:
SF:src/validators/role.validator.ts
FNF:0
FNH:0
DA:1,0
DA:6,0
DA:29,0
DA:57,0
LF:4
LH:0
BRF:0
BRH:0
end_of_record
TN:
SF:src/validators/rolePermission.validator.ts
FNF:0
FNH:0
DA:1,0
DA:6,0
DA:25,0
DA:38,0
DA:47,0
LF:5
LH:0
BRF:0
BRH:0
end_of_record
TN:
SF:src/validators/user.validator.ts
FNF:0
FNH:0
DA:1,0
DA:6,0
DA:46,0
DA:93,0
LF:4
LH:0
BRF:0
BRH:0
end_of_record
TN:
SF:src/validators/userGroup.validator.ts
FNF:0
FNH:0
DA:1,0
DA:6,0
DA:25,0
DA:38,0
DA:47,0
LF:5
LH:0
BRF:0
BRH:0
end_of_record
TN:
SF:src/validators/userPermission.validator.ts
FNF:0
FNH:0
DA:1,0
DA:6,0
LF:2
LH:0
BRF:0
BRH:0
end_of_record
